Iteration # 1: norm = 0.999757
Iteration # 2: norm = 0.999724
Iteration # 3: norm = 0.999736
Iteration # 4: norm = 0.999726
Iteration # 5: norm = 0.999731

Naive ranking:
Саларьево - Сокольническая (1): 0.500000
Румянцево - Сокольническая (2): 1.500000
Тропарёво - Сокольническая (3): 1.000000
Юго-Западная - Сокольническая (4): 1.000000
Проспект Вернадского - Сокольническая (5): 1.000000
Университет - Сокольническая (6): 1.000000
Воробьёвы Горы - Сокольническая (7): 0.833000
Спортивная - Сокольническая (8): 1.333000
Фрунзенская - Сокольническая (9): 0.666000
Парк Культуры - Сокольническая (10): 1.333000
Кропоткинская - Сокольническая (11): 0.533000
Библиотека имени Ленина - Сокольническая (12): 1.400000
Охотный ряд - Сокольническая (13): 1.033000
Лубянка - Сокольническая (14): 0.833000
Чистые пруды - Сокольническая (15): 1.333000
Красные Ворота - Сокольническая (16): 0.583000
Комсомольская - Сокольническая (17): 1.333000
Красносельская - Сокольническая (18): 0.833000
Сокольники - Сокольническая (19): 1.000000
Преображенская площадь - Сокольническая (20): 0.833000
Черкизовская - Сокольническая (21): 1.333000
Бульвар Рокоссовского - Сокольническая (22): 0.666000
Алма-Атинская - Замоскворецкая (23): 0.333000
Красногвардейская - Замоскворецкая (24): 2.000000
Домодедовская - Замоскворецкая (25): 0.833000
Орехово - Замоскворецкая (26): 1.000000
Царицыно - Замоскворецкая (27): 1.000000
Кантемировская - Замоскворецкая (28): 0.833000
Каширская - Замоскворецкая (29): 1.500000
Коломенская - Замоскворецкая (30): 0.833000
Технопарк - Замоскворецкая (31): 0.833000
Автозаводская - Замоскворецкая (32): 1.166000
Павелецкая - Замоскворецкая (33): 0.916000
Новокузнецкая - Замоскворецкая (34): 1.166000
Театральная - Замоскворецкая (35): 1.000000
Тверская - Замоскворецкая (36): 1.250000
Маяковская - Замоскворецкая (37): 0.583000
Белорусская - Замоскворецкая (38): 1.166000
Динамо - Замоскворецкая (39): 1.166000
Аэропорт - Замоскворецкая (40): 0.833000
Сокол - Замоскворецкая (41): 0.833000
Войковская - Замоскворецкая (42): 1.333000
Водный стадион - Замоскворецкая (43): 0.833000
Речной вокзал - Замоскворецкая (44): 1.000000
Беломорская - Замоскворецкая (45): 1.500000
Ховрино - Замоскворецкая (46): 0.500000
Пятницкое шоссе - Арбатско-Покровская (47): 0.500000
Митино - Арбатско-Покровская (48): 1.500000
Волоколамская - Арбатско-Покровская (49): 1.000000
Мякинино - Арбатско-Покровская (50): 1.000000
Строгино - Арбатско-Покровская (51): 1.000000
Крылатское - Арбатско-Покровская (52): 1.000000
Молодёжная - Арбатско-Покровская (53): 0.833000
Кунцевская - Арбатско-Покровская (54): 1.500000
Славянский бульвар - Арбатско-Покровская (55): 0.666000
Парк победы - Арбатско-Покровская (56): 1.083000
Киевская - Арбатско-Покровская (57): 1.283000
Смоленская - Арбатско-Покровская (58): 0.450000
Арбатская - Арбатско-Покровская (59): 1.400000
Площадь Революции - Арбатско-Покровская (60): 0.950000
Курская - Арбатско-Покровская (61): 1.250000
Бауманская - Арбатско-Покровская (62): 0.750000
Электрозаводская - Арбатско-Покровская (63): 1.000000
Семёновская - Арбатско-Покровская (64): 0.833000
Партизанская - Арбатско-Покровская (65): 1.333000
Измайловская - Арбатско-Покровская (66): 0.833000
Первомайская - Арбатско-Покровская (67): 1.500000
Щёлковская - Арбатско-Покровская (68): 0.500000
Кунцевская - Филёвская (69): 0.833000
Пионерская - Филёвская (70): 1.000000
Филёвский парк - Филёвская (71): 1.000000
Багратионовская - Филёвская (72): 1.000000
Фили - Филёвская (73): 0.833000
Кутузовская - Филёвская (74): 1.333000
Студенческая - Филёвская (75): 0.533000
Киевская - Филёвская (76): 1.833000
Смоленская - Филёвская (77): 0.700000
Арбатская - Филёвская (78): 0.750000
Александровский сад - Филёвская (79): 1.100000
Международная - Филёвская (80): 0.666000
Выставочная - Филёвская (81): 1.200000
Парк культуры - Кольцевая (82): 0.916000
Киевская - Кольцевая (83): 1.116000
Краснопресненская - Кольцевая (84): 0.916000
Белорусская - Кольцевая (85): 0.999000
Новослободская - Кольцевая (86): 0.999000
Проспект Мира  - Кольцевая (87): 0.999000
Комсомольская - Кольцевая (88): 0.916000
Курская - Кольцевая (89): 1.083000
Таганская - Кольцевая (90): 1.083000
Павелецкая - Кольцевая (91): 0.916000
Добрынинская - Кольцевая (92): 0.999000
Октябрьская - Кольцевая (93): 0.999000
Новоясеневская - Калужско-Рижская (94): 1.000000
Ясенево - Калужско-Рижская (95): 1.000000
Тёплый Стан - Калужско-Рижская (96): 1.000000
Коньково - Калужско-Рижская (97): 1.000000
Беляево - Калужско-Рижская (98): 1.000000
Калужская - Калужско-Рижская (99): 1.000000
Новые Черёмушки - Калужско-Рижская (100): 1.000000
Профсоюзная - Калужско-Рижская (101): 1.000000
Академическая - Калужско-Рижская (102): 0.833000
Ленинский проспект - Калужско-Рижская (103): 1.333000
Шаболовская - Калужско-Рижская (104): 0.666000
Октябрьская - Калужско-Рижская (105): 1.083000
Третьяковская - Калужско-Рижская (106): 1.249000
Китай-город - Калужско-Рижская (107): 0.833000
Тургеневская - Калужско-Рижская (108): 1.333000
Сухаревская - Калужско-Рижская (109): 0.583000
Проспект Мира  - Калужско-Рижская (110): 1.333000
Рижская - Калужско-Рижская (111): 0.833000
Алексеевская - Калужско-Рижская (112): 1.000000
ВДНХ - Калужско-Рижская (113): 0.833000
Ботанический сад - Калужско-Рижская (114): 1.333000
Свиблово - Калужско-Рижская (115): 0.833000
Бабушкинская - Калужско-Рижская (116): 1.500000
Медведково - Калужско-Рижская (117): 0.500000
Котельники - Таганско-Краснопресненская (118): 0.500000
Жулебино - Таганско-Краснопресненская (119): 1.333000
Лермонтовский проспект - Таганско-Краснопресненская (120): 1.500000
Выхино - Таганско-Краснопресненская (121): 0.833000
Рязанский проспект - Таганско-Краснопресненская (122): 1.000000
Кузьминки - Таганско-Краснопресненская (123): 1.000000
Текстильщики - Таганско-Краснопресненская (124): 1.000000
Волгоградский проспект - Таганско-Краснопресненская (125): 0.833000
Пролетарская - Таганско-Краснопресненская (126): 1.083000
Таганская - Таганско-Краснопресненская (127): 1.166000
Китай-город - Таганско-Краснопресненская (128): 0.916000
Кузнецкий мост - Таганско-Краснопресненская (129): 0.916000
Пушкинская - Таганско-Краснопресненская (130): 1.166000
Баррикадная - Таганско-Краснопресненская (131): 1.083000
Улица 1905 года - Таганско-Краснопресненская (132): 0.833000
Беговая - Таганско-Краснопресненская (133): 0.750000
Полежаевская - Таганско-Краснопресненская (134): 1.333000
Октябрьское Поле - Таганско-Краснопресненская (135): 1.083000
Щукинская - Таганско-Краснопресненская (136): 0.833000
Спартак - Таганско-Краснопресненская (137): 1.000000
Тушинская - Таганско-Краснопресненская (138): 1.000000
Сходневская - Таганско-Краснопресненская (139): 1.500000
Планерная - Таганско-Краснопресненская (140): 0.500000
Новокосино - Калининская (141): 0.500000
Новогиреево - Калининская (142): 1.500000
Перово - Калининская (143): 0.833000
Шоссе Энтузиастов - Калининская (144): 1.333000
Авиамоторная - Калининская (145): 0.666000
Площадь Ильича - Калининская (146): 1.083000
Марксисткая - Калининская (147): 1.166000
Третьяковская - Калининская (148): 0.750000
Рассказовка - Солнцевская (149): 0.500000
Новопеределкино - Солнцевская (150): 1.500000
Боровское шоссе - Солнцевская (151): 1.000000
Солнцево - Солнцевская (152): 1.000000
Говорово - Солнцевская (153): 1.000000
Озёрная - Солнцевская (154): 1.000000
Мичуринский проспект - Солнцевская (155): 1.000000
Раменки - Солнцевская (156): 1.000000
Ломоносовский проспект - Солнцевская (157): 1.000000
Минская - Солнцевская (158): 0.833000
Парк победы - Солнцевская (159): 1.166000
Шелепиха - Солнцевская (160): 0.833000
Бульвар Дмитрия Донского - Серпуховско-Тимирязевская (161): 0.833000
Аннино - Серпуховско-Тимирязевская (162): 1.000000
Улица Академика Янгеля - Серпуховско-Тимирязевская (163): 1.000000
Пражская - Серпуховско-Тимирязевская (164): 1.000000
Южная - Серпуховско-Тимирязевская (165): 1.000000
Чертановская - Серпуховско-Тимирязевская (166): 0.833000
Севастопольская - Серпуховско-Тимирязевская (167): 1.500000
Нахимовский проспект - Серпуховско-Тимирязевская (168): 0.833000
Нагорная - Серпуховско-Тимирязевская (169): 0.833000
Нагатинская - Серпуховско-Тимирязевская (170): 1.333000
Тульская - Серпуховско-Тимирязевская (171): 0.666000
Серпуховская - Серпуховско-Тимирязевская (172): 1.333000
Полянка - Серпуховско-Тимирязевская (173): 0.533000
Боровицкая - Серпуховско-Тимирязевская (174): 1.400000
Чеховская - Серпуховско-Тимирязевская (175): 1.033000
Цветной бульвар - Серпуховско-Тимирязевская (176): 0.916000
Менделеевская - Серпуховско-Тимирязевская (177): 0.999000
Савёловская - Серпуховско-Тимирязевская (178): 1.333000
Дмитровская - Серпуховско-Тимирязевская (179): 0.833000
Тимирязевская - Серпуховско-Тимирязевская (180): 0.833000
Петровско-Разумовская - Серпуховско-Тимирязевская (181): 1.166000
Владыкино - Серпуховско-Тимирязевская (182): 1.166000
Отрадное - Серпуховско-Тимирязевская (183): 0.833000
Бибирево - Серпуховско-Тимирязевская (184): 1.500000
Алтуфьево - Серпуховско-Тимирязевская (185): 0.500000
Зябликово - Люблинско-Дмитровская (186): 0.833000
Шипиловская - Люблинско-Дмитровская (187): 1.000000
Борисово - Люблинско-Дмитровская (188): 1.000000
Марьино - Люблинско-Дмитровская (189): 1.000000
Братиславская - Люблинско-Дмитровская (190): 1.000000
Люблино - Люблинско-Дмитровская (191): 1.000000
Волжская - Люблинско-Дмитровская (192): 1.000000
Печатники - Люблинско-Дмитровская (193): 1.000000
Кожуховская - Люблинско-Дмитровская (194): 0.833000
Дубровка - Люблинско-Дмитровская (195): 1.166000
Крестьянская Застава - Люблинско-Дмитровская (196): 0.999000
Римская - Люблинско-Дмитровская (197): 0.916000
Чкаловская - Люблинско-Дмитровская (198): 1.083000
Сретенский бульвар - Люблинско-Дмитровская (199): 1.083000
Трубная - Люблинско-Дмитровская (200): 1.083000
Достоевская - Люблинско-Дмитровская (201): 0.833000
Марьина Роща - Люблинско-Дмитровская (202): 1.000000
Бутырская - Люблинско-Дмитровская (203): 1.000000
Фонвизинская - Люблинско-Дмитровская (204): 0.833000
Петровско-Разумовская - Люблинско-Дмитровская (205): 1.166000
Окружная - Люблинско-Дмитровская (206): 1.166000
Верхние Лихоборы - Люблинско-Дмитровская (207): 1.333000
Селигерская - Люблинско-Дмитровская (208): 0.500000
Деловой центр - БКЛ (209): 0.916000
Шелепиха - БКЛ (210): 1.000000
Хорошёвская - БКЛ (211): 1.250000
ЦСКА - БКЛ (212): 0.583000
Петровский парк - БКЛ (213): 1.333000
Савёловская - БКЛ (214): 0.666000
Каховская - БКЛ (215): 0.833000
Варшавская - БКЛ (216): 1.000000
Каширская - БКЛ (217): 0.833000
Бунинская аллея - Бутовская (218): 0.500000
Улица Горчакова - Бутовская (219): 1.500000
Бульвар Адмирала Ушакова - Бутовская (220): 1.000000
Улица Скобелевская - Бутовская (221): 0.833000
Улица Старокачаловская - Бутовская (222): 1.500000
Лесопарковая - Бутовская (223): 0.833000
Битцевский парк - Бутовская (224): 1.000000
Некрасовка - Кожуховская (225): 0.500000
Лухмановская - Кожуховская (226): 1.500000
Улица Дмитриевского - Кожуховская (227): 1.000000
Косино - Кожуховская (228): 0.833000
Лужники - МЦК (229): 0.999000
Кутузовская - МЦК (230): 0.999000
Деловой центр - МЦК (231): 1.083000
Шелепиха - МЦК (232): 1.166000
Хорошёво - МЦК (233): 1.250000
Зорге - МЦК (234): 0.583000
Панфиловская - МЦК (235): 1.333000
Стрешнево - МЦК (236): 0.666000
Балтийская - МЦК (237): 1.333000
Коптево - МЦК (238): 0.833000
Лихоборы - МЦК (239): 0.833000
Окружная - МЦК (240): 1.166000
Владыкино - МЦК (241): 0.999000
Ботанический сад - МЦК (242): 1.166000
Ростокино - МЦК (243): 0.833000
Белокаменная - МЦК (244): 0.833000
Бульвар Рокоссовского - МЦК (245): 1.333000
Локомотив - МЦК (246): 0.999000
Измайлово - МЦК (247): 1.166000
Соколиная гора - МЦК (248): 0.666000
Шоссе Энтузиастов - МЦК (249): 1.333000
Андроновка - МЦК (250): 0.833000
Нижегородская - МЦК (251): 1.000000
Новохохловская - МЦК (252): 1.000000
Угрешская - МЦК (253): 0.833000
Дубровка - МЦК (254): 1.166000
Автозаводская - МЦК (255): 1.166000
ЗИЛ - МЦК (256): 0.666000
Верхние Котлы - МЦК (257): 1.333000
Крымская - МЦК (258): 0.666000
Площадь Гагарина - МЦК (259): 1.166000

Pagerank solution (percent):
Саларьево - Сокольническая (1): 0.238352
Румянцево - Сокольническая (2): 0.478069
Тропарёво - Сокольническая (3): 0.402729
Юго-Западная - Сокольническая (4): 0.415902
Проспект Вернадского - Сокольническая (5): 0.375103
Университет - Сокольническая (6): 0.375915
Воробьёвы Горы - Сокольническая (7): 0.335053
Спортивная - Сокольническая (8): 0.465290
Фрунзенская - Сокольническая (9): 0.293129
Парк Культуры - Сокольническая (10): 0.419786
Кропоткинская - Сокольническая (11): 0.257926
Библиотека имени Ленина - Сокольническая (12): 0.535206
Охотный ряд - Сокольническая (13): 0.426105
Лубянка - Сокольническая (14): 0.345205
Чистые пруды - Сокольническая (15): 0.480416
Красные Ворота - Сокольническая (16): 0.274742
Комсомольская - Сокольническая (17): 0.437435
Красносельская - Сокольническая (18): 0.315771
Сокольники - Сокольническая (19): 0.352637
Преображенская площадь - Сокольническая (20): 0.323107
Черкизовская - Сокольническая (21): 0.478420
Бульвар Рокоссовского - Сокольническая (22): 0.306805
Алма-Атинская - Замоскворецкая (23): 0.205052
Красногвардейская - Замоскворецкая (24): 0.608279
Домодедовская - Замоскворецкая (25): 0.360083
Орехово - Замоскворецкая (26): 0.389084
Царицыно - Замоскворецкая (27): 0.368772
Кантемировская - Замоскворецкая (28): 0.355421
Каширская - Замоскворецкая (29): 0.518583
Коломенская - Замоскворецкая (30): 0.332323
Технопарк - Замоскворецкая (31): 0.326957
Автозаводская - Замоскворецкая (32): 0.422861
Павелецкая - Замоскворецкая (33): 0.376215
Новокузнецкая - Замоскворецкая (34): 0.450934
Театральная - Замоскворецкая (35): 0.425206
Тверская - Замоскворецкая (36): 0.458031
Маяковская - Замоскворецкая (37): 0.265148
Белорусская - Замоскворецкая (38): 0.414503
Динамо - Замоскворецкая (39): 0.424007
Аэропорт - Замоскворецкая (40): 0.328348
Сокол - Замоскворецкая (41): 0.333766
Войковская - Замоскворецкая (42): 0.484700
Водный стадион - Замоскворецкая (43): 0.379787
Речной вокзал - Замоскворецкая (44): 0.389453
Беломорская - Замоскворецкая (45): 0.465788
Ховрино - Замоскворецкая (46): 0.236517
Пятницкое шоссе - Арбатско-Покровская (47): 0.238352
Митино - Арбатско-Покровская (48): 0.478069
Волоколамская - Арбатско-Покровская (49): 0.402729
Мякинино - Арбатско-Покровская (50): 0.417094
Строгино - Арбатско-Покровская (51): 0.376722
Крылатское - Арбатско-Покровская (52): 0.383307
Молодёжная - Арбатско-Покровская (53): 0.347257
Кунцевская - Арбатско-Покровская (54): 0.507645
Славянский бульвар - Арбатско-Покровская (55): 0.308112
Парк победы - Арбатско-Покровская (56): 0.416028
Киевская - Арбатско-Покровская (57): 0.486881
Смоленская - Арбатско-Покровская (58): 0.249839
Арбатская - Арбатско-Покровская (59): 0.527010
Площадь Революции - Арбатско-Покровская (60): 0.423164
Курская - Арбатско-Покровская (61): 0.470459
Бауманская - Арбатско-Покровская (62): 0.292314
Электрозаводская - Арбатско-Покровская (63): 0.337547
Семёновская - Арбатско-Покровская (64): 0.329965
Партизанская - Арбатско-Покровская (65): 0.511354
Измайловская - Арбатско-Покровская (66): 0.362395
Первомайская - Арбатско-Покровская (67): 0.459492
Щёлковская - Арбатско-Покровская (68): 0.227068
Кунцевская - Филёвская (69): 0.345466
Пионерская - Филёвская (70): 0.376111
Филёвский парк - Филёвская (71): 0.360609
Багратионовская - Филёвская (72): 0.368210
Фили - Филёвская (73): 0.329193
Кутузовская - Филёвская (74): 0.452747
Студенческая - Филёвская (75): 0.284598
Киевская - Филёвская (76): 0.639591
Смоленская - Филёвская (77): 0.276248
Арбатская - Филёвская (78): 0.274825
Александровский сад - Филёвская (79): 0.437890
Международная - Филёвская (80): 0.295265
Выставочная - Филёвская (81): 0.446826
Парк культуры - Кольцевая (82): 0.379928
Киевская - Кольцевая (83): 0.486154
Краснопресненская - Кольцевая (84): 0.383656
Белорусская - Кольцевая (85): 0.388482
Новослободская - Кольцевая (86): 0.402323
Проспект Мира  - Кольцевая (87): 0.399168
Комсомольская - Кольцевая (88): 0.387860
Курская - Кольцевая (89): 0.459376
Таганская - Кольцевая (90): 0.453370
Павелецкая - Кольцевая (91): 0.374165
Добрынинская - Кольцевая (92): 0.381889
Октябрьская - Кольцевая (93): 0.393627
Новоясеневская - Калужско-Рижская (94): 0.376022
Ясенево - Калужско-Рижская (95): 0.385840
Тёплый Стан - Калужско-Рижская (96): 0.384692
Коньково - Калужско-Рижская (97): 0.386483
Беляево - Калужско-Рижская (98): 0.384692
Калужская - Калужско-Рижская (99): 0.384647
Новые Черёмушки - Калужско-Рижская (100): 0.374006
Профсоюзная - Калужско-Рижская (101): 0.369120
Академическая - Калужско-Рижская (102): 0.339071
Ленинский проспект - Калужско-Рижская (103): 0.458760
Шаболовская - Калужско-Рижская (104): 0.296230
Октябрьская - Калужско-Рижская (105): 0.392412
Третьяковская - Калужско-Рижская (106): 0.462671
Китай-город - Калужско-Рижская (107): 0.355429
Тургеневская - Калужско-Рижская (108): 0.483597
Сухаревская - Калужско-Рижская (109): 0.277098
Проспект Мира  - Калужско-Рижская (110): 0.442997
Рижская - Калужско-Рижская (111): 0.319888
Алексеевская - Калужско-Рижская (112): 0.357386
ВДНХ - Калужско-Рижская (113): 0.335875
Ботанический сад - Калужско-Рижская (114): 0.520041
Свиблово - Калужско-Рижская (115): 0.362303
Бабушкинская - Калужско-Рижская (116): 0.460286
Медведково - Калужско-Рижская (117): 0.227068
Котельники - Таганско-Краснопресненская (118): 0.231595
Жулебино - Таганско-Краснопресненская (119): 0.428759
Лермонтовский проспект - Таганско-Краснопресненская (120): 0.553593
Выхино - Таганско-Краснопресненская (121): 0.377097
Рязанский проспект - Таганско-Краснопресненская (122): 0.377997
Кузьминки - Таганско-Краснопресненская (123): 0.365098
Текстильщики - Таганско-Краснопресненская (124): 0.358496
Волгоградский проспект - Таганско-Краснопресненская (125): 0.322845
Пролетарская - Таганско-Краснопресненская (126): 0.412304
Таганская - Таганско-Краснопресненская (127): 0.465903
Китай-город - Таганско-Краснопресненская (128): 0.357958
Кузнецкий мост - Таганско-Краснопресненская (129): 0.354312
Пушкинская - Таганско-Краснопресненская (130): 0.457403
Баррикадная - Таганско-Краснопресненская (131): 0.387701
Улица 1905 года - Таганско-Краснопресненская (132): 0.292528
Беговая - Таганско-Краснопресненская (133): 0.290430
Полежаевская - Таганско-Краснопресненская (134): 0.507360
Октябрьское Поле - Таганско-Краснопресненская (135): 0.431243
Щукинская - Таганско-Краснопресненская (136): 0.337606
Спартак - Таганско-Краснопресненская (137): 0.391457
Тушинская - Таганско-Краснопресненская (138): 0.392211
Сходневская - Таганско-Краснопресненская (139): 0.474449
Планерная - Таганско-Краснопресненская (140): 0.236562
Новокосино - Калининская (141): 0.226669
Новогиреево - Калининская (142): 0.458158
Перово - Калининская (143): 0.358970
Шоссе Энтузиастов - Калининская (144): 0.499383
Авиамоторная - Калининская (145): 0.298469
Площадь Ильича - Калининская (146): 0.394191
Марксисткая - Калининская (147): 0.459060
Третьяковская - Калининская (148): 0.346582
Рассказовка - Солнцевская (149): 0.238352
Новопеределкино - Солнцевская (150): 0.478069
Боровское шоссе - Солнцевская (151): 0.404520
Солнцево - Солнцевская (152): 0.417737
Говорово - Солнцевская (153): 0.388375
Озёрная - Солнцевская (154): 0.390053
Мичуринский проспект - Солнцевская (155): 0.383455
Раменки - Солнцевская (156): 0.372396
Ломоносовский проспект - Солнцевская (157): 0.361243
Минская - Солнцевская (158): 0.327445
Парк победы - Солнцевская (159): 0.416782
Шелепиха - Солнцевская (160): 0.361026
Бульвар Дмитрия Донского - Серпуховско-Тимирязевская (161): 0.359272
Аннино - Серпуховско-Тимирязевская (162): 0.378567
Улица Академика Янгеля - Серпуховско-Тимирязевская (163): 0.375379
Пражская - Серпуховско-Тимирязевская (164): 0.375379
Южная - Серпуховско-Тимирязевская (165): 0.377374
Чертановская - Серпуховско-Тимирязевская (166): 0.353287
Севастопольская - Серпуховско-Тимирязевская (167): 0.521988
Нахимовский проспект - Серпуховско-Тимирязевская (168): 0.339830
Нагорная - Серпуховско-Тимирязевская (169): 0.337144
Нагатинская - Серпуховско-Тимирязевская (170): 0.460416
Тульская - Серпуховско-Тимирязевская (171): 0.300275
Серпуховская - Серпуховско-Тимирязевская (172): 0.421473
Полянка - Серпуховско-Тимирязевская (173): 0.260243
Боровицкая - Серпуховско-Тимирязевская (174): 0.542418
Чеховская - Серпуховско-Тимирязевская (175): 0.446401
Цветной бульвар - Серпуховско-Тимирязевская (176): 0.381908
Менделеевская - Серпуховско-Тимирязевская (177): 0.396351
Савёловская - Серпуховско-Тимирязевская (178): 0.448951
Дмитровская - Серпуховско-Тимирязевская (179): 0.314400
Тимирязевская - Серпуховско-Тимирязевская (180): 0.330832
Петровско-Разумовская - Серпуховско-Тимирязевская (181): 0.451509
Владыкино - Серпуховско-Тимирязевская (182): 0.489907
Отрадное - Серпуховско-Тимирязевская (183): 0.353541
Бибирево - Серпуховско-Тимирязевская (184): 0.452101
Алтуфьево - Серпуховско-Тимирязевская (185): 0.225449
Зябликово - Люблинско-Дмитровская (186): 0.360725
Шипиловская - Люблинско-Дмитровская (187): 0.399545
Борисово - Люблинско-Дмитровская (188): 0.376090
Марьино - Люблинско-Дмитровская (189): 0.389410
Братиславская - Люблинско-Дмитровская (190): 0.382902
Люблино - Люблинско-Дмитровская (191): 0.383455
Волжская - Люблинско-Дмитровская (192): 0.373580
Печатники - Люблинско-Дмитровская (193): 0.364278
Кожуховская - Люблинско-Дмитровская (194): 0.335755
Дубровка - Люблинско-Дмитровская (195): 0.446312
Крестьянская Застава - Люблинско-Дмитровская (196): 0.404624
Римская - Люблинско-Дмитровская (197): 0.377306
Чкаловская - Люблинско-Дмитровская (198): 0.460140
Сретенский бульвар - Люблинско-Дмитровская (199): 0.466070
Трубная - Люблинско-Дмитровская (200): 0.403632
Достоевская - Люблинско-Дмитровская (201): 0.318406
Марьина Роща - Люблинско-Дмитровская (202): 0.346312
Бутырская - Люблинско-Дмитровская (203): 0.353074
Фонвизинская - Люблинско-Дмитровская (204): 0.338465
Петровско-Разумовская - Люблинско-Дмитровская (205): 0.482604
Окружная - Люблинско-Дмитровская (206): 0.474029
Верхние Лихоборы - Люблинско-Дмитровская (207): 0.407836
Селигерская - Люблинско-Дмитровская (208): 0.216590
Деловой центр - БКЛ (209): 0.373693
Шелепиха - БКЛ (210): 0.412576
Хорошёвская - БКЛ (211): 0.477445
ЦСКА - БКЛ (212): 0.275489
Петровский парк - БКЛ (213): 0.443519
Савёловская - БКЛ (214): 0.297105
Каховская - БКЛ (215): 0.344617
Варшавская - БКЛ (216): 0.371847
Каширская - БКЛ (217): 0.343823
Бунинская аллея - Бутовская (218): 0.237709
Улица Горчакова - Бутовская (219): 0.465818
Бульвар Адмирала Ушакова - Бутовская (220): 0.398394
Улица Скобелевская - Бутовская (221): 0.385166
Улица Старокачаловская - Бутовская (222): 0.536202
Лесопарковая - Бутовская (223): 0.359272
Битцевский парк - Бутовская (224): 0.380357
Некрасовка - Кожуховская (225): 0.237709
Лухмановская - Кожуховская (226): 0.469388
Улица Дмитриевского - Кожуховская (227): 0.399655
Косино - Кожуховская (228): 0.404781
Лужники - МЦК (229): 0.425321
Кутузовская - МЦК (230): 0.412300
Деловой центр - МЦК (231): 0.401719
Шелепиха - МЦК (232): 0.459085
Хорошёво - МЦК (233): 0.486039
Зорге - МЦК (234): 0.278044
Панфиловская - МЦК (235): 0.442210
Стрешнево - МЦК (236): 0.307177
Балтийская - МЦК (237): 0.476913
Коптево - МЦК (238): 0.327689
Лихоборы - МЦК (239): 0.326468
Окружная - МЦК (240): 0.469811
Владыкино - МЦК (241): 0.445629
Ботанический сад - МЦК (242): 0.457476
Ростокино - МЦК (243): 0.331816
Белокаменная - МЦК (244): 0.317775
Бульвар Рокоссовского - МЦК (245): 0.470535
Локомотив - МЦК (246): 0.435202
Измайлово - МЦК (247): 0.461004
Соколиная гора - МЦК (248): 0.321335
Шоссе Энтузиастов - МЦК (249): 0.476007
Андроновка - МЦК (250): 0.344294
Нижегородская - МЦК (251): 0.358484
Новохохловская - МЦК (252): 0.352876
Угрешская - МЦК (253): 0.338501
Дубровка - МЦК (254): 0.448634
Автозаводская - МЦК (255): 0.440999
ЗИЛ - МЦК (256): 0.306806
Верхние Котлы - МЦК (257): 0.454601
Крымская - МЦК (258): 0.307947
Площадь Гагарина - МЦК (259): 0.441453

Running time = 0.003755 seconds
