Iteration # 1: norm = 0.914915
Iteration # 2: norm = 0.933338
Iteration # 3: norm = 0.943877
Iteration # 4: norm = 0.947666
Iteration # 5: norm = 0.951896
Iteration # 6: norm = 0.953083
Iteration # 7: norm = 0.954921
Iteration # 8: norm = 0.955238
Iteration # 9: norm = 0.956190
Iteration # 10: norm = 0.956149

Naive ranking:
Саларьево - Сокольническая (1): 0.500000
Румянцево - Сокольническая (2): 1.500000
Тропарёво - Сокольническая (3): 1.000000
Юго-Западная - Сокольническая (4): 1.000000
Проспект Вернадского - Сокольническая (5): 1.000000
Университет - Сокольническая (6): 1.000000
Воробьёвы Горы - Сокольническая (7): 0.833000
Спортивная - Сокольническая (8): 1.000000
Фрунзенская - Сокольническая (9): 0.666000
Парк Культуры - Сокольническая (10): 0.500000

Pagerank solution (percent):
Саларьево - Сокольническая (1): 8.535330
Румянцево - Сокольническая (2): 14.907404
Тропарёво - Сокольническая (3): 14.627914
Юго-Западная - Сокольническая (4): 13.145124
Проспект Вернадского - Сокольническая (5): 12.625667
Университет - Сокольническая (6): 10.853272
Воробьёвы Горы - Сокольническая (7): 8.841690
Спортивная - Сокольническая (8): 7.660109
Фрунзенская - Сокольническая (9): 5.011035
Парк Культуры - Сокольническая (10): 3.792455

Running time = 0.010420 seconds
